<?xml version="1.0" encoding="UTF-8"?>
<testsuite name="com.example.webshopitem.WebshopitemApplicationTests" tests="1" skipped="0" failures="0" errors="0" timestamp="2023-05-22T16:36:10" hostname="Toms-MBP" time="0.548">
  <properties/>
  <testcase name="contextLoads()" classname="com.example.webshopitem.WebshopitemApplicationTests" time="0.548"/>
  <system-out><![CDATA[18:36:06.400 [Test worker] INFO org.springframework.test.context.support.AnnotationConfigContextLoaderUtils -- Could not detect default configuration classes for test class [com.example.webshopitem.WebshopitemApplicationTests]: WebshopitemApplicationTests does not declare any static, non-private, non-final, nested classes annotated with @Configuration.
18:36:06.521 [Test worker] INFO org.springframework.boot.test.context.SpringBootTestContextBootstrapper -- Found @SpringBootConfiguration com.example.webshopitem.WebshopitemApplication for test class com.example.webshopitem.WebshopitemApplicationTests

  .   ____          _            __ _ _
 /\\ / ___'_ __ _ _(_)_ __  __ _ \ \ \ \
( ( )\___ | '_ | '_| | '_ \/ _` | \ \ \ \
 \\/  ___)| |_)| | | | | || (_| |  ) ) ) )
  '  |____| .__|_| |_|_| |_\__, | / / / /
 =========|_|==============|___/=/_/_/_/
 :: Spring Boot ::                (v3.1.0)

2023-05-22T18:36:06.950+02:00  INFO 46120 --- [    Test worker] c.e.w.WebshopitemApplicationTests        : Starting WebshopitemApplicationTests using Java 20.0.1 with PID 46120 (started by tom in /Users/tom/Desktop/Intellij Projects/webshopitem)
2023-05-22T18:36:06.952+02:00  INFO 46120 --- [    Test worker] c.e.w.WebshopitemApplicationTests        : No active profile set, falling back to 1 default profile: "default"
2023-05-22T18:36:07.507+02:00  INFO 46120 --- [    Test worker] .s.d.r.c.RepositoryConfigurationDelegate : Bootstrapping Spring Data JPA repositories in DEFAULT mode.
2023-05-22T18:36:07.570+02:00  INFO 46120 --- [    Test worker] .s.d.r.c.RepositoryConfigurationDelegate : Finished Spring Data repository scanning in 53 ms. Found 1 JPA repository interfaces.
2023-05-22T18:36:07.990+02:00  INFO 46120 --- [    Test worker] o.hibernate.jpa.internal.util.LogHelper  : HHH000204: Processing PersistenceUnitInfo [name: default]
2023-05-22T18:36:08.057+02:00  INFO 46120 --- [    Test worker] org.hibernate.Version                    : HHH000412: Hibernate ORM core version 6.2.2.Final
2023-05-22T18:36:08.061+02:00  INFO 46120 --- [    Test worker] org.hibernate.cfg.Environment            : HHH000406: Using bytecode reflection optimizer
2023-05-22T18:36:08.265+02:00  INFO 46120 --- [    Test worker] o.h.b.i.BytecodeProviderInitiator        : HHH000021: Bytecode provider name : bytebuddy
2023-05-22T18:36:08.463+02:00  INFO 46120 --- [    Test worker] o.s.o.j.p.SpringPersistenceUnitInfo      : No LoadTimeWeaver setup: ignoring JPA class transformer
2023-05-22T18:36:08.481+02:00  INFO 46120 --- [    Test worker] com.zaxxer.hikari.HikariDataSource       : HikariPool-1 - Starting...
2023-05-22T18:36:08.892+02:00  INFO 46120 --- [    Test worker] com.zaxxer.hikari.pool.HikariPool        : HikariPool-1 - Added connection com.mysql.cj.jdbc.ConnectionImpl@1da745a2
2023-05-22T18:36:08.894+02:00  INFO 46120 --- [    Test worker] com.zaxxer.hikari.HikariDataSource       : HikariPool-1 - Start completed.
2023-05-22T18:36:08.976+02:00  INFO 46120 --- [    Test worker] org.hibernate.orm.dialect                : HHH035001: Using dialect: org.hibernate.dialect.MySQLDialect, version: 8.0.33
2023-05-22T18:36:09.210+02:00  INFO 46120 --- [    Test worker] o.h.b.i.BytecodeProviderInitiator        : HHH000021: Bytecode provider name : bytebuddy
2023-05-22T18:36:09.834+02:00  INFO 46120 --- [    Test worker] o.h.e.t.j.p.i.JtaPlatformInitiator       : HHH000490: Using JtaPlatform implementation: [org.hibernate.engine.transaction.jta.platform.internal.NoJtaPlatform]
2023-05-22T18:36:09.837+02:00  INFO 46120 --- [    Test worker] j.LocalContainerEntityManagerFactoryBean : Initialized JPA EntityManagerFactory for persistence unit 'default'
2023-05-22T18:36:10.264+02:00  WARN 46120 --- [    Test worker] JpaBaseConfiguration$JpaWebConfiguration : spring.jpa.open-in-view is enabled by default. Therefore, database queries may be performed during view rendering. Explicitly configure spring.jpa.open-in-view to disable this warning
2023-05-22T18:36:10.556+02:00  INFO 46120 --- [    Test worker] c.e.w.WebshopitemApplicationTests        : Started WebshopitemApplicationTests in 3.876 seconds (process running for 5.101)
]]></system-out>
  <system-err><![CDATA[]]></system-err>
</testsuite>
